<?xml version="1.0" encoding="UTF-8"?>
<!-- Generated by org.testng.reporters.JUnitXMLReporter -->
<testsuite hostname="TH1716" ignored="4" name="Default test" tests="7" failures="0" timestamp="14 Aug 2018 10:36:59 GMT" time="31.818" errors="0">
  <testcase name="switchProductLevelFive" time="1.807" classname="com.milvik.mip.customermanagement.testrunner.MIP_SwitchProductLevel_Test"/>
  <testcase name="switchProductLevelFive" time="1.503" classname="com.milvik.mip.customermanagement.testrunner.MIP_SwitchProductLevel_Test"/>
  <testcase name="switchProductLevelFive" time="1.317" classname="com.milvik.mip.customermanagement.testrunner.MIP_SwitchProductLevel_Test"/>
  <testcase name="switchProductLevelFive" time="1.368" classname="com.milvik.mip.customermanagement.testrunner.MIP_SwitchProductLevel_Test"/>
  <testcase name="switchProductLevelFive" time="1.342" classname="com.milvik.mip.customermanagement.testrunner.MIP_SwitchProductLevel_Test"/>
  <testcase name="switchProductLevelFive" time="1.439" classname="com.milvik.mip.customermanagement.testrunner.MIP_SwitchProductLevel_Test"/>
  <testcase name="switchProductLevelFive" time="1.911" classname="com.milvik.mip.customermanagement.testrunner.MIP_SwitchProductLevel_Test"/>
  <testcase name="switchProductLevelTwo" time="0.0" classname="com.milvik.mip.customermanagement.testrunner.MIP_SwitchProductLevel_Test">
    <ignored/>
  </testcase> <!-- switchProductLevelTwo -->
  <testcase name="switchProductLevelFour" time="0.0" classname="com.milvik.mip.customermanagement.testrunner.MIP_SwitchProductLevel_Test">
    <ignored/>
  </testcase> <!-- switchProductLevelFour -->
  <testcase name="switchProductLevelThree" time="0.0" classname="com.milvik.mip.customermanagement.testrunner.MIP_SwitchProductLevel_Test">
    <ignored/>
  </testcase> <!-- switchProductLevelThree -->
  <testcase name="switchProductLevelOne" time="0.0" classname="com.milvik.mip.customermanagement.testrunner.MIP_SwitchProductLevel_Test">
    <ignored/>
  </testcase> <!-- switchProductLevelOne -->
</testsuite> <!-- Default test -->
