<?xml version="1.0" encoding="UTF-8"?>
<!-- Generated by org.testng.reporters.JUnitXMLReporter -->
<testsuite hostname="TH1554" ignored="0" name="ForgotPassword_Test" tests="5" failures="0" timestamp="18 Dec 2017 06:40:27 GMT" time="19.347" errors="0">
  <testcase name="forgotPassFive" time="0.961" classname="com.milvik.mip.testrunner.MIP_ForgotPassword_Test"/>
  <testcase name="forgotPassFour" time="2.044" classname="com.milvik.mip.testrunner.MIP_ForgotPassword_Test"/>
  <testcase name="forgotPassOne" time="0.351" classname="com.milvik.mip.testrunner.MIP_ForgotPassword_Test"/>
  <testcase name="forgotPassThree" time="0.971" classname="com.milvik.mip.testrunner.MIP_ForgotPassword_Test"/>
  <testcase name="forgotPassTwo" time="0.932" classname="com.milvik.mip.testrunner.MIP_ForgotPassword_Test"/>
</testsuite> <!-- ForgotPassword_Test -->
