<?xml version="1.0" encoding="UTF-8"?>
<!-- Generated by org.testng.reporters.JUnitXMLReporter -->
<testsuite hostname="TH1554" ignored="0" name="Login_Test" tests="10" failures="0" timestamp="18 Dec 2017 06:40:08 GMT" time="45.103" errors="0">
  <testcase name="loginTestFive" time="4.31" classname="com.milvik.mip.testrunner.MIP_Login_Test"/>
  <testcase name="loginTestFour" time="0.629" classname="com.milvik.mip.testrunner.MIP_Login_Test"/>
  <testcase name="loginTestFour" time="0.104" classname="com.milvik.mip.testrunner.MIP_Login_Test"/>
  <testcase name="loginTestFour" time="0.627" classname="com.milvik.mip.testrunner.MIP_Login_Test"/>
  <testcase name="loginTestFour" time="0.073" classname="com.milvik.mip.testrunner.MIP_Login_Test"/>
  <testcase name="loginTestFour" time="0.803" classname="com.milvik.mip.testrunner.MIP_Login_Test"/>
  <testcase name="loginTestOne" time="0.165" classname="com.milvik.mip.testrunner.MIP_Login_Test"/>
  <testcase name="loginTestSix" time="0.805" classname="com.milvik.mip.testrunner.MIP_Login_Test"/>
  <testcase name="loginTestThree" time="0.311" classname="com.milvik.mip.testrunner.MIP_Login_Test"/>
  <testcase name="loginTestTwo" time="1.875" classname="com.milvik.mip.testrunner.MIP_Login_Test"/>
</testsuite> <!-- Login_Test -->
