<?xml version="1.0" encoding="UTF-8"?>
<!-- Generated by org.testng.reporters.JUnitXMLReporter -->
<testsuite hostname="TH1554" ignored="2" name="Test" tests="1" failures="0" timestamp="23 Jan 2018 09:06:00 GMT" time="37.419" errors="0">
  <testcase name="adminConfigOne" time="3.537" classname="com.milvik.mip.adminconfig.testrunner.MIP_AdminConfiguration_Test"/>
  <testcase name="adminConfigThree" time="0.0" classname="com.milvik.mip.adminconfig.testrunner.MIP_AdminConfiguration_Test">
    <ignored/>
  </testcase> <!-- adminConfigThree -->
  <testcase name="adminConfigTwo" time="0.0" classname="com.milvik.mip.adminconfig.testrunner.MIP_AdminConfiguration_Test">
    <ignored/>
  </testcase> <!-- adminConfigTwo -->
</testsuite> <!-- Test -->
