<?xml version="1.0" encoding="UTF-8"?>
<!-- Generated by org.testng.reporters.JUnitXMLReporter -->
<testsuite hostname="TH1716" ignored="5" name="Test6" tests="1" failures="1" timestamp="17 Aug 2018 12:20:22 GMT" time="198.595" errors="0">
  <testcase name="login_test1" time="198.568" classname="login_multiuser.MultiUser_Test">
    <failure type="org.openqa.selenium.SessionNotCreatedException" message="Tried to run command without establishing a connection
Build info: version: &amp;apos;3.8.1&amp;apos;, revision: &amp;apos;6e95a6684b&amp;apos;, time: &amp;apos;2017-12-01T18:33:54.468Z&amp;apos;
System info: host: &amp;apos;TH1716&amp;apos;, ip: &amp;apos;172.16.10.82&amp;apos;, os.name: &amp;apos;Windows 8.1&amp;apos;, os.arch: &amp;apos;amd64&amp;apos;, os.version: &amp;apos;6.3&amp;apos;, java.version: &amp;apos;1.8.0_11&amp;apos;
Driver info: org.openqa.selenium.firefox.FirefoxDriver
Capabilities {acceptInsecureCerts: true, browserName: firefox, browserVersion: 61.0.1, javascriptEnabled: true, moz:accessibilityChecks: false, moz:headless: false, moz:processID: 23568, moz:profile: C:\Users\srilatha_yajnanara..., moz:useNonSpecCompliantPointerOrigin: false, moz:webdriverClick: true, pageLoadStrategy: normal, platform: XP, platformName: XP, platformVersion: 6.3, rotatable: false, timeouts: {implicit: 0, pageLoad: 300000, script: 30000}}
Session ID: 1167b4bb-acb2-4899-a115-1a6fe30caa9b">
      <![CDATA[org.openqa.selenium.SessionNotCreatedException: Tried to run command without establishing a connection
Build info: version: '3.8.1', revision: '6e95a6684b', time: '2017-12-01T18:33:54.468Z'
System info: host: 'TH1716', ip: '172.16.10.82', os.name: 'Windows 8.1', os.arch: 'amd64', os.version: '6.3', java.version: '1.8.0_11'
Driver info: org.openqa.selenium.firefox.FirefoxDriver
Capabilities {acceptInsecureCerts: true, browserName: firefox, browserVersion: 61.0.1, javascriptEnabled: true, moz:accessibilityChecks: false, moz:headless: false, moz:processID: 23568, moz:profile: C:\Users\srilatha_yajnanara..., moz:useNonSpecCompliantPointerOrigin: false, moz:webdriverClick: true, pageLoadStrategy: normal, platform: XP, platformName: XP, platformVersion: 6.3, rotatable: false, timeouts: {implicit: 0, pageLoad: 300000, script: 30000}}
Session ID: 1167b4bb-acb2-4899-a115-1a6fe30caa9b
at org.openqa.selenium.remote.http.W3CHttpResponseCodec.createException(W3CHttpResponseCodec.java:187)
at org.openqa.selenium.remote.http.W3CHttpResponseCodec.decode(W3CHttpResponseCodec.java:122)
at org.openqa.selenium.remote.http.W3CHttpResponseCodec.decode(W3CHttpResponseCodec.java:49)
at org.openqa.selenium.remote.HttpCommandExecutor.execute(HttpCommandExecutor.java:164)
at org.openqa.selenium.remote.service.DriverCommandExecutor.execute(DriverCommandExecutor.java:83)
at org.openqa.selenium.remote.RemoteWebDriver.execute(RemoteWebDriver.java:601)
at org.openqa.selenium.remote.RemoteWebElement.execute(RemoteWebElement.java:279)
at org.openqa.selenium.remote.RemoteWebElement.isDisplayed(RemoteWebElement.java:320)
at org.openqa.selenium.support.ui.ExpectedConditions.elementIfVisible(ExpectedConditions.java:301)
at org.openqa.selenium.support.ui.ExpectedConditions.access$100(ExpectedConditions.java:43)
at org.openqa.selenium.support.ui.ExpectedConditions$7.apply(ExpectedConditions.java:205)
at org.openqa.selenium.support.ui.ExpectedConditions$7.apply(ExpectedConditions.java:201)
at org.openqa.selenium.support.ui.ExpectedConditions$22.apply(ExpectedConditions.java:643)
at org.openqa.selenium.support.ui.ExpectedConditions$22.apply(ExpectedConditions.java:640)
at org.openqa.selenium.support.ui.FluentWait.until(FluentWait.java:208)
at com.milvik.mip.pageutil.MIP_BasePage.waitForElementTobeClickable(MIP_BasePage.java:61)
at login_multiuser.MultiUser_Test.login_test1(MultiUser_Test.java:55)
at java.util.concurrent.FutureTask.run(Unknown Source)
at java.util.concurrent.ThreadPoolExecutor.runWorker(Unknown Source)
at java.util.concurrent.ThreadPoolExecutor$Worker.run(Unknown Source)
at java.lang.Thread.run(Unknown Source)
... Removed 20 stack frames]]>
    </failure>
  </testcase> <!-- login_test1 -->
  <testcase name="login_test2" time="0.0" classname="login_multiuser.MultiUser_Test">
    <ignored/>
  </testcase> <!-- login_test2 -->
  <testcase name="login_test3" time="0.0" classname="login_multiuser.MultiUser_Test">
    <ignored/>
  </testcase> <!-- login_test3 -->
  <testcase name="login_test6" time="0.0" classname="login_multiuser.MultiUser_Test">
    <ignored/>
  </testcase> <!-- login_test6 -->
  <testcase name="login_test4" time="0.0" classname="login_multiuser.MultiUser_Test">
    <ignored/>
  </testcase> <!-- login_test4 -->
  <testcase name="login_test5" time="0.0" classname="login_multiuser.MultiUser_Test">
    <ignored/>
  </testcase> <!-- login_test5 -->
</testsuite> <!-- Test6 -->
